Создан массив длиной 100000 элементов
Массив заполнен случайными числами.
Первые 20 элементов:
33792 56649 95284 797 83668 90712 71613 99485 21368 47454 94513 91704 27125 57997 36023 96377 82893 82346 50896 46949 


Удалим случайный элемент в позиции 54474:
Новая длина массива: 99999 элементов

Вставим случайное число (88621) в случайной позиции (51378):
Новая длина массива: 100000 элементов

Поиск первого вхождения случайного числа (118) в массиве:
Элемент найден на позиции 8062

Сортировка пузырьком. Количество итераций: 4999950000; Количество операций перемещения элементов: 2496093524. Продолжительность выполнения: 15984 мс
Первые 20 элементов:
0 0 1 4 6 6 6 7 7 10 10 11 11 12 13 19 19 20 21 21 

Перемешаем элементы.
Первые 20 элементов:
77714 47409 21280 14528 47330 20305 19330 36958 62725 87538 14430 44285 26170 31986 99782 88354 88511 72330 5351 37076 

Сортировка пузырьком. Количество итераций: 4999950000; Количество операций перемещения элементов: 975694. Продолжительность выполнения: 6690 мс
Первые 20 элементов:
0 0 1 4 6 6 6 7 7 10 10 11 11 12 13 19 19 20 21 21 

Перемешаем элементы.
Первые 20 элементов:
26219 7797 639 38952 218 50557 65313 17028 27449 69086 64152 1316 83100 75309 8158 84826 16233 48206 50553 75192 

Сортировка пузырьком. Количество итераций: 2496693703; Количество операций перемещения элементов: 2496593704. Продолжительность выполнения: 965 мс
Первые 20 элементов:
0 0 1 4 6 6 6 7 7 10 10 11 11 12 13 19 19 20 21 21 

Перемешаем элементы.
Первые 20 элементов:
84606 56904 21019 16809 47188 8512 31190 73085 3346 3602 27866 38524 98364 70778 76845 26438 32613 32044 31463 79632 

Сортировка слиянием. Продолжительность выполнения: 12 мс
Первые 20 элементов:
0 0 1 4 6 6 6 7 7 10 10 11 11 12 13 19 19 20 21 21 

Process finished with exit code 0
